<?xml version="1.0" encoding="UTF-8"?>
<!-- Generated by org.testng.reporters.JUnitReportReporter -->
<testsuite skipped="0" hostname="SF538" name="Practice.Ecommerce_tc_4" tests="1" failures="0" timestamp="2022-03-15T14:34:30 EET" time="55.308" errors="0">
  <testcase name="totalValidation" time="55.308" classname="Practice.Ecommerce_tc_4"/>
  <system-out/>
</testsuite> <!-- Practice.Ecommerce_tc_4 -->
