<?xml version="1.0" encoding="UTF-8"?>
<!-- Generated by org.testng.reporters.JUnitReportReporter -->
<testsuite skipped="0" hostname="SF538" name="Practice.ApiDemoTest" tests="2" failures="0" timestamp="2022-03-15T14:34:30 EET" time="51.824" errors="0">
  <testcase name="apiDemoTest" time="26.968" classname="Practice.ApiDemoTest"/>
  <system-out/>
  <testcase name="apiDemoTest" time="24.856" classname="Practice.ApiDemoTest"/>
  <system-out/>
</testsuite> <!-- Practice.ApiDemoTest -->
